<?xml version="1.0" encoding="UTF-8"?>
<testng-results skipped="1" failed="0" total="1" passed="0">
  <reporter-output>
  </reporter-output>
  <suite name="Default suite" duration-ms="49286" started-at="2017-05-18T00:37:29Z" finished-at="2017-05-18T00:38:18Z">
    <groups>
    </groups>
    <test name="Default test" duration-ms="49286" started-at="2017-05-18T00:37:29Z" finished-at="2017-05-18T00:38:18Z">
      <class name="com.interactions.AlertTwo">
        <test-method status="FAIL" signature="beforeTest()[pri:0, instance:com.interactions.AlertTwo@174b225]" name="beforeTest" is-config="true" duration-ms="0" started-at="2017-05-18T06:07:29Z" finished-at="2017-05-18T06:07:29Z">
          <exception class="org.openqa.selenium.WebDriverException">
            <message>
              <![CDATA[Failed to connect to binary FirefoxBinary(C:\Program Files\Mozilla Firefox\firefox.exe) on port 7055; process output follows: 
png","icon64URL":null,"defaultLocale":{"name":"Online Banking","description":null,"creator":null,"homepageURL":null},"visible":true,"active":false,"userDisabled":true,"appDisabled":false,"descriptor":"C:\\Program Files\\Kaspersky Lab\\Kaspersky Internet Security 15.0.2\\FFExt\\online_banking@kaspersky.com","installDate":1483165598116,"updateDate":1483165598116,"applyBackgroundUpdates":1,"bootstrap":false,"skinnable":false,"size":366821,"sourceURI":null,"releaseNotesURI":null,"softDisabled":false,"foreignInstall":true,"hasBinaryComponents":false,"strictCompatibility":false,"locales":[{"locales":["en"],"name":"Safe Money","description":null,"creator":"Kaspersky Lab","homepageURL":"http://www.kaspersky.com"}],"targetApplications":[{"id":"{ec8030f7-c20a-464f-9b0e-13a3a9e97384}","minVersion":"36.0","maxVersion":"46.0"}],"targetPlatforms":[],"multiprocessCompatible":false,"signedState":2,"seen":true,"dependencies":[],"hasEmbeddedWebExtension":false,"mpcOptedOut":false,"userPermissions":null}
1495067853990	DeferredSave.extensions.json	DEBUG	Save changes
1495067853991	addons.xpi	DEBUG	Updating database with changes to installed add-ons
1495067853991	addons.xpi-utils	DEBUG	Updating add-on states
1495067853993	addons.xpi-utils	DEBUG	Writing add-ons list
1495067853997	addons.xpi	DEBUG	Registering manifest for C:\Program Files\Mozilla Firefox\browser\features\aushelper@mozilla.org.xpi
1495067853998	addons.xpi	DEBUG	Calling bootstrap method startup on aushelper@mozilla.org version 2.0
1495067854002	addons.xpi	DEBUG	Registering manifest for C:\Program Files\Mozilla Firefox\browser\features\e10srollout@mozilla.org.xpi
1495067854005	addons.xpi	DEBUG	Calling bootstrap method startup on e10srollout@mozilla.org version 1.14
1495067854009	addons.xpi	DEBUG	Registering manifest for C:\Program Files\Mozilla Firefox\browser\features\firefox@getpocket.com.xpi
1495067854011	addons.xpi	DEBUG	Calling bootstrap method startup on firefox@getpocket.com version 1.0.5
1495067854012	addons.xpi	DEBUG	Registering manifest for C:\Program Files\Mozilla Firefox\browser\features\webcompat@mozilla.org.xpi
1495067854013	addons.xpi	DEBUG	Calling bootstrap method startup on webcompat@mozilla.org version 1.0
1495067854018	addons.manager	DEBUG	Registering shutdown blocker for XPIProvider
1495067854018	addons.manager	DEBUG	Provider finished startup: XPIProvider
1495067854018	addons.manager	DEBUG	Starting provider: LightweightThemeManager
1495067854019	addons.manager	DEBUG	Registering shutdown blocker for LightweightThemeManager
1495067854019	addons.manager	DEBUG	Provider finished startup: LightweightThemeManager
1495067854026	addons.manager	DEBUG	Starting provider: GMPProvider
1495067854055	addons.manager	DEBUG	Registering shutdown blocker for GMPProvider
1495067854057	addons.manager	DEBUG	Provider finished startup: GMPProvider
1495067854057	addons.manager	DEBUG	Starting provider: PluginProvider
1495067854057	addons.manager	DEBUG	Registering shutdown blocker for PluginProvider
1495067854057	addons.manager	DEBUG	Provider finished startup: PluginProvider
1495067854058	addons.manager	DEBUG	Completed startup sequence
1495067855700	addons.manager	DEBUG	Starting provider: <unnamed-provider>
1495067855701	addons.manager	DEBUG	Registering shutdown blocker for <unnamed-provider>
1495067855701	addons.manager	DEBUG	Provider finished startup: <unnamed-provider>
1495067855704	DeferredSave.extensions.json	DEBUG	Starting write
1495067856324	addons.repository	DEBUG	No addons.json found.
1495067856326	DeferredSave.addons.json	DEBUG	Save changes
1495067856334	DeferredSave.addons.json	DEBUG	Starting timer
1495067856424	addons.manager	DEBUG	Starting provider: PreviousExperimentProvider
1495067856424	addons.manager	DEBUG	Registering shutdown blocker for PreviousExperimentProvider
1495067856424	addons.manager	DEBUG	Provider finished startup: PreviousExperimentProvider
1495067856458	DeferredSave.extensions.json	DEBUG	Write succeeded
1495067856462	DeferredSave.addons.json	DEBUG	Starting write
1495067856804	DeferredSave.addons.json	DEBUG	Write succeeded

Build info: version: '2.53.0', revision: '35ae25b', time: '2016-03-15 17:00:58'
System info: host: 'HOME-PC', ip: '192.168.0.100', os.name: 'Windows 7', os.arch: 'x86', os.version: '6.1', java.version: '1.8.0_91'
Driver info: driver.version: FirefoxDriver]]>
            </message>
            <full-stacktrace>
              <![CDATA[org.openqa.selenium.WebDriverException: Failed to connect to binary FirefoxBinary(C:\Program Files\Mozilla Firefox\firefox.exe) on port 7055; process output follows: 
png","icon64URL":null,"defaultLocale":{"name":"Online Banking","description":null,"creator":null,"homepageURL":null},"visible":true,"active":false,"userDisabled":true,"appDisabled":false,"descriptor":"C:\\Program Files\\Kaspersky Lab\\Kaspersky Internet Security 15.0.2\\FFExt\\online_banking@kaspersky.com","installDate":1483165598116,"updateDate":1483165598116,"applyBackgroundUpdates":1,"bootstrap":false,"skinnable":false,"size":366821,"sourceURI":null,"releaseNotesURI":null,"softDisabled":false,"foreignInstall":true,"hasBinaryComponents":false,"strictCompatibility":false,"locales":[{"locales":["en"],"name":"Safe Money","description":null,"creator":"Kaspersky Lab","homepageURL":"http://www.kaspersky.com"}],"targetApplications":[{"id":"{ec8030f7-c20a-464f-9b0e-13a3a9e97384}","minVersion":"36.0","maxVersion":"46.0"}],"targetPlatforms":[],"multiprocessCompatible":false,"signedState":2,"seen":true,"dependencies":[],"hasEmbeddedWebExtension":false,"mpcOptedOut":false,"userPermissions":null}
1495067853990	DeferredSave.extensions.json	DEBUG	Save changes
1495067853991	addons.xpi	DEBUG	Updating database with changes to installed add-ons
1495067853991	addons.xpi-utils	DEBUG	Updating add-on states
1495067853993	addons.xpi-utils	DEBUG	Writing add-ons list
1495067853997	addons.xpi	DEBUG	Registering manifest for C:\Program Files\Mozilla Firefox\browser\features\aushelper@mozilla.org.xpi
1495067853998	addons.xpi	DEBUG	Calling bootstrap method startup on aushelper@mozilla.org version 2.0
1495067854002	addons.xpi	DEBUG	Registering manifest for C:\Program Files\Mozilla Firefox\browser\features\e10srollout@mozilla.org.xpi
1495067854005	addons.xpi	DEBUG	Calling bootstrap method startup on e10srollout@mozilla.org version 1.14
1495067854009	addons.xpi	DEBUG	Registering manifest for C:\Program Files\Mozilla Firefox\browser\features\firefox@getpocket.com.xpi
1495067854011	addons.xpi	DEBUG	Calling bootstrap method startup on firefox@getpocket.com version 1.0.5
1495067854012	addons.xpi	DEBUG	Registering manifest for C:\Program Files\Mozilla Firefox\browser\features\webcompat@mozilla.org.xpi
1495067854013	addons.xpi	DEBUG	Calling bootstrap method startup on webcompat@mozilla.org version 1.0
1495067854018	addons.manager	DEBUG	Registering shutdown blocker for XPIProvider
1495067854018	addons.manager	DEBUG	Provider finished startup: XPIProvider
1495067854018	addons.manager	DEBUG	Starting provider: LightweightThemeManager
1495067854019	addons.manager	DEBUG	Registering shutdown blocker for LightweightThemeManager
1495067854019	addons.manager	DEBUG	Provider finished startup: LightweightThemeManager
1495067854026	addons.manager	DEBUG	Starting provider: GMPProvider
1495067854055	addons.manager	DEBUG	Registering shutdown blocker for GMPProvider
1495067854057	addons.manager	DEBUG	Provider finished startup: GMPProvider
1495067854057	addons.manager	DEBUG	Starting provider: PluginProvider
1495067854057	addons.manager	DEBUG	Registering shutdown blocker for PluginProvider
1495067854057	addons.manager	DEBUG	Provider finished startup: PluginProvider
1495067854058	addons.manager	DEBUG	Completed startup sequence
1495067855700	addons.manager	DEBUG	Starting provider: <unnamed-provider>
1495067855701	addons.manager	DEBUG	Registering shutdown blocker for <unnamed-provider>
1495067855701	addons.manager	DEBUG	Provider finished startup: <unnamed-provider>
1495067855704	DeferredSave.extensions.json	DEBUG	Starting write
1495067856324	addons.repository	DEBUG	No addons.json found.
1495067856326	DeferredSave.addons.json	DEBUG	Save changes
1495067856334	DeferredSave.addons.json	DEBUG	Starting timer
1495067856424	addons.manager	DEBUG	Starting provider: PreviousExperimentProvider
1495067856424	addons.manager	DEBUG	Registering shutdown blocker for PreviousExperimentProvider
1495067856424	addons.manager	DEBUG	Provider finished startup: PreviousExperimentProvider
1495067856458	DeferredSave.extensions.json	DEBUG	Write succeeded
1495067856462	DeferredSave.addons.json	DEBUG	Starting write
1495067856804	DeferredSave.addons.json	DEBUG	Write succeeded

Build info: version: '2.53.0', revision: '35ae25b', time: '2016-03-15 17:00:58'
System info: host: 'HOME-PC', ip: '192.168.0.100', os.name: 'Windows 7', os.arch: 'x86', os.version: '6.1', java.version: '1.8.0_91'
Driver info: driver.version: FirefoxDriver
	at org.openqa.selenium.firefox.internal.NewProfileExtensionConnection.start(NewProfileExtensionConnection.java:124)
	at org.openqa.selenium.firefox.FirefoxDriver.startClient(FirefoxDriver.java:271)
	at org.openqa.selenium.remote.RemoteWebDriver.<init>(RemoteWebDriver.java:119)
	at org.openqa.selenium.firefox.FirefoxDriver.<init>(FirefoxDriver.java:218)
	at org.openqa.selenium.firefox.FirefoxDriver.<init>(FirefoxDriver.java:211)
	at org.openqa.selenium.firefox.FirefoxDriver.<init>(FirefoxDriver.java:207)
	at org.openqa.selenium.firefox.FirefoxDriver.<init>(FirefoxDriver.java:120)
	at com.interactions.AlertTwo.beforeTest(AlertTwo.java:18)
	at sun.reflect.NativeMethodAccessorImpl.invoke0(Native Method)
	at sun.reflect.NativeMethodAccessorImpl.invoke(Unknown Source)
	at sun.reflect.DelegatingMethodAccessorImpl.invoke(Unknown Source)
	at java.lang.reflect.Method.invoke(Unknown Source)
	at org.testng.internal.MethodInvocationHelper.invokeMethod(MethodInvocationHelper.java:85)
	at org.testng.internal.Invoker.invokeConfigurationMethod(Invoker.java:510)
	at org.testng.internal.Invoker.invokeConfigurations(Invoker.java:211)
	at org.testng.internal.Invoker.invokeConfigurations(Invoker.java:138)
	at org.testng.TestRunner.beforeRun(TestRunner.java:648)
	at org.testng.TestRunner.run(TestRunner.java:616)
	at org.testng.SuiteRunner.runTest(SuiteRunner.java:359)
	at org.testng.SuiteRunner.runSequentially(SuiteRunner.java:354)
	at org.testng.SuiteRunner.privateRun(SuiteRunner.java:312)
	at org.testng.SuiteRunner.run(SuiteRunner.java:261)
	at org.testng.SuiteRunnerWorker.runSuite(SuiteRunnerWorker.java:52)
	at org.testng.SuiteRunnerWorker.run(SuiteRunnerWorker.java:86)
	at org.testng.TestNG.runSuitesSequentially(TestNG.java:1215)
	at org.testng.TestNG.runSuitesLocally(TestNG.java:1140)
	at org.testng.TestNG.run(TestNG.java:1048)
	at org.testng.remote.AbstractRemoteTestNG.run(AbstractRemoteTestNG.java:126)
	at org.testng.remote.RemoteTestNG.initAndRun(RemoteTestNG.java:137)
	at org.testng.remote.RemoteTestNG.main(RemoteTestNG.java:58)
Caused by: org.openqa.selenium.firefox.NotConnectedException: Unable to connect to host 127.0.0.1 on port 7055 after 45000 ms. Firefox console output:
png","icon64URL":null,"defaultLocale":{"name":"Online Banking","description":null,"creator":null,"homepageURL":null},"visible":true,"active":false,"userDisabled":true,"appDisabled":false,"descriptor":"C:\\Program Files\\Kaspersky Lab\\Kaspersky Internet Security 15.0.2\\FFExt\\online_banking@kaspersky.com","installDate":1483165598116,"updateDate":1483165598116,"applyBackgroundUpdates":1,"bootstrap":false,"skinnable":false,"size":366821,"sourceURI":null,"releaseNotesURI":null,"softDisabled":false,"foreignInstall":true,"hasBinaryComponents":false,"strictCompatibility":false,"locales":[{"locales":["en"],"name":"Safe Money","description":null,"creator":"Kaspersky Lab","homepageURL":"http://www.kaspersky.com"}],"targetApplications":[{"id":"{ec8030f7-c20a-464f-9b0e-13a3a9e97384}","minVersion":"36.0","maxVersion":"46.0"}],"targetPlatforms":[],"multiprocessCompatible":false,"signedState":2,"seen":true,"dependencies":[],"hasEmbeddedWebExtension":false,"mpcOptedOut":false,"userPermissions":null}
1495067853990	DeferredSave.extensions.json	DEBUG	Save changes
1495067853991	addons.xpi	DEBUG	Updating database with changes to installed add-ons
1495067853991	addons.xpi-utils	DEBUG	Updating add-on states
1495067853993	addons.xpi-utils	DEBUG	Writing add-ons list
1495067853997	addons.xpi	DEBUG	Registering manifest for C:\Program Files\Mozilla Firefox\browser\features\aushelper@mozilla.org.xpi
1495067853998	addons.xpi	DEBUG	Calling bootstrap method startup on aushelper@mozilla.org version 2.0
1495067854002	addons.xpi	DEBUG	Registering manifest for C:\Program Files\Mozilla Firefox\browser\features\e10srollout@mozilla.org.xpi
1495067854005	addons.xpi	DEBUG	Calling bootstrap method startup on e10srollout@mozilla.org version 1.14
1495067854009	addons.xpi	DEBUG	Registering manifest for C:\Program Files\Mozilla Firefox\browser\features\firefox@getpocket.com.xpi
1495067854011	addons.xpi	DEBUG	Calling bootstrap method startup on firefox@getpocket.com version 1.0.5
1495067854012	addons.xpi	DEBUG	Registering manifest for C:\Program Files\Mozilla Firefox\browser\features\webcompat@mozilla.org.xpi
1495067854013	addons.xpi	DEBUG	Calling bootstrap method startup on webcompat@mozilla.org version 1.0
1495067854018	addons.manager	DEBUG	Registering shutdown blocker for XPIProvider
1495067854018	addons.manager	DEBUG	Provider finished startup: XPIProvider
1495067854018	addons.manager	DEBUG	Starting provider: LightweightThemeManager
1495067854019	addons.manager	DEBUG	Registering shutdown blocker for LightweightThemeManager
1495067854019	addons.manager	DEBUG	Provider finished startup: LightweightThemeManager
1495067854026	addons.manager	DEBUG	Starting provider: GMPProvider
1495067854055	addons.manager	DEBUG	Registering shutdown blocker for GMPProvider
1495067854057	addons.manager	DEBUG	Provider finished startup: GMPProvider
1495067854057	addons.manager	DEBUG	Starting provider: PluginProvider
1495067854057	addons.manager	DEBUG	Registering shutdown blocker for PluginProvider
1495067854057	addons.manager	DEBUG	Provider finished startup: PluginProvider
1495067854058	addons.manager	DEBUG	Completed startup sequence
1495067855700	addons.manager	DEBUG	Starting provider: <unnamed-provider>
1495067855701	addons.manager	DEBUG	Registering shutdown blocker for <unnamed-provider>
1495067855701	addons.manager	DEBUG	Provider finished startup: <unnamed-provider>
1495067855704	DeferredSave.extensions.json	DEBUG	Starting write
1495067856324	addons.repository	DEBUG	No addons.json found.
1495067856326	DeferredSave.addons.json	DEBUG	Save changes
1495067856334	DeferredSave.addons.json	DEBUG	Starting timer
1495067856424	addons.manager	DEBUG	Starting provider: PreviousExperimentProvider
1495067856424	addons.manager	DEBUG	Registering shutdown blocker for PreviousExperimentProvider
1495067856424	addons.manager	DEBUG	Provider finished startup: PreviousExperimentProvider
1495067856458	DeferredSave.extensions.json	DEBUG	Write succeeded
1495067856462	DeferredSave.addons.json	DEBUG	Starting write
1495067856804	DeferredSave.addons.json	DEBUG	Write succeeded

	at org.openqa.selenium.firefox.internal.NewProfileExtensionConnection.start(NewProfileExtensionConnection.java:112)
	... 29 more
]]>
            </full-stacktrace>
          </exception> <!-- org.openqa.selenium.WebDriverException -->
          <reporter-output>
          </reporter-output>
        </test-method> <!-- beforeTest -->
        <test-method status="SKIP" signature="f()[pri:0, instance:com.interactions.AlertTwo@174b225]" name="f" duration-ms="2" started-at="2017-05-18T06:08:18Z" finished-at="2017-05-18T06:08:18Z">
          <reporter-output>
          </reporter-output>
        </test-method> <!-- f -->
        <test-method status="SKIP" signature="afterTest()[pri:0, instance:com.interactions.AlertTwo@174b225]" name="afterTest" is-config="true" duration-ms="0" started-at="2017-05-18T06:08:18Z" finished-at="2017-05-18T06:08:18Z">
          <reporter-output>
          </reporter-output>
        </test-method> <!-- afterTest -->
      </class> <!-- com.interactions.AlertTwo -->
    </test> <!-- Default test -->
  </suite> <!-- Default suite -->
</testng-results>
